<?xml version="1.0" encoding="UTF-8"?>
<testng-results ignored="0" total="2" passed="2" failed="0" skipped="0">
  <reporter-output>
  </reporter-output>
  <suite started-at="2025-02-19T17:36:43 IST" name="Default suite" finished-at="2025-02-19T17:37:04 IST" duration-ms="20916">
    <groups>
      <group name="cucumber">
        <method signature="AbstractTestNGCucumberTests.runScenario(io.cucumber.testng.PickleWrapper,io.cucumber.testng.FeatureWrapper)[pri:0, instance:RunnerFB.FbRunner@2118cddf]" name="runScenario" class="io.cucumber.testng.AbstractTestNGCucumberTests"/>
      </group> <!-- cucumber -->
    </groups>
    <test started-at="2025-02-19T17:36:43 IST" name="Default test" finished-at="2025-02-19T17:37:04 IST" duration-ms="20916">
      <class name="RunnerFB.FbRunner">
        <test-method is-config="true" signature="setUpClass(org.testng.ITestContext)[pri:0, instance:RunnerFB.FbRunner@2118cddf]" started-at="2025-02-19T17:36:43 IST" name="setUpClass" finished-at="2025-02-19T17:36:43 IST" duration-ms="624" status="PASS">
          <params>
            <param index="0">
              <value>
                <![CDATA[org.testng.TestRunner@455824ad]]>
              </value>
            </param>
          </params>
          <reporter-output>
          </reporter-output>
        </test-method> <!-- setUpClass -->
        <test-method signature="runScenario(io.cucumber.testng.PickleWrapper,io.cucumber.testng.FeatureWrapper)[pri:0, instance:RunnerFB.FbRunner@2118cddf]" started-at="2025-02-19T17:36:43 IST" name="runScenario" description="Runs Cucumber Scenarios" data-provider="scenarios" finished-at="2025-02-19T17:36:51 IST" duration-ms="7696" status="PASS">
          <params>
            <param index="0">
              <value>
                <![CDATA["Validate the login funcationlity with valid username and password"]]>
              </value>
            </param>
            <param index="1">
              <value>
                <![CDATA["login feature"]]>
              </value>
            </param>
          </params>
          <reporter-output>
          </reporter-output>
        </test-method> <!-- runScenario -->
        <test-method signature="runScenario(io.cucumber.testng.PickleWrapper,io.cucumber.testng.FeatureWrapper)[pri:0, instance:RunnerFB.FbRunner@2118cddf]" started-at="2025-02-19T17:36:51 IST" name="runScenario" description="Runs Cucumber Scenarios" data-provider="scenarios" finished-at="2025-02-19T17:37:03 IST" duration-ms="12439" status="PASS">
          <params>
            <param index="0">
              <value>
                <![CDATA["Validate the login funcationlity with valid username and password"]]>
              </value>
            </param>
            <param index="1">
              <value>
                <![CDATA["login feature"]]>
              </value>
            </param>
          </params>
          <reporter-output>
          </reporter-output>
        </test-method> <!-- runScenario -->
        <test-method is-config="true" signature="tearDownClass()[pri:0, instance:RunnerFB.FbRunner@2118cddf]" started-at="2025-02-19T17:37:03 IST" name="tearDownClass" finished-at="2025-02-19T17:37:04 IST" duration-ms="57" status="PASS">
          <reporter-output>
          </reporter-output>
        </test-method> <!-- tearDownClass -->
      </class> <!-- RunnerFB.FbRunner -->
    </test> <!-- Default test -->
  </suite> <!-- Default suite -->
</testng-results>
